<?xml version="1.0" encoding="UTF-8"?>
<!-- Generated by org.testng.reporters.JUnitReportReporter -->
<testsuite skipped="0" hostname="HDC3-D-7J5P882" name="NewtworKTrafficReaderPackage.brokenlinkscheck" tests="1" failures="0" timestamp="24 Dec 2018 07:34:30 GMT" time="1.488" errors="0">
  <testcase name="isLinkBroken" time="1.488" classname="NewtworKTrafficReaderPackage.brokenlinkscheck"/>
</testsuite> <!-- NewtworKTrafficReaderPackage.brokenlinkscheck -->
