<?xml version="1.0" encoding="UTF-8"?>
<!-- Generated by org.testng.reporters.JUnitReportReporter -->
<testsuite hostname="HDC3-D-7J5P882" failures="0" tests="1" name="TestExecute.ExecuteTest" time="121.534" errors="0" timestamp="03 Aug 2018 11:25:29 GMT" skipped="0">
  <testcase classname="TestExecute.ExecuteTest" name="testLogin" time="121.534"/>
</testsuite> <!-- TestExecute.ExecuteTest -->
