<?xml version="1.0" encoding="UTF-8"?>
<!-- Generated by org.testng.reporters.JUnitReportReporter -->
<testsuite skipped="0" hostname="HDC3-D-514SLXX" name="NewtworKTrafficReaderPackage.RenameFile" tests="1" failures="0" timestamp="01 Aug 2018 08:38:59 GMT" time="14.141" errors="0">
  <testcase name="methodRename" time="14.141" classname="NewtworKTrafficReaderPackage.RenameFile"/>
</testsuite> <!-- NewtworKTrafficReaderPackage.RenameFile -->
