<?xml version="1.0" encoding="UTF-8"?>
<!-- Generated by org.testng.reporters.JUnitReportReporter -->
<testsuite hostname="HDC3-D-7J5P882" failures="0" tests="1" name="JavascriptConverter.JSReader" time="52.363" errors="0" timestamp="3 Jul 2018 10:02:04 GMT">
  <testcase classname="JavascriptConverter.JSReader" name="JSExecutor" time="52.363"/>
</testsuite> <!-- JavascriptConverter.JSReader -->
