<?xml version="1.0" encoding="UTF-8"?>
<!-- Generated by org.testng.reporters.JUnitReportReporter -->
<testsuite hostname="HDC3-D-7J5P882" failures="0" tests="1" name="JavascriptConverter.compareExcel" time="0.931" errors="0" timestamp="4 Jul 2018 09:44:59 GMT">
  <testcase classname="JavascriptConverter.compareExcel" name="compareExcels" time="0.931"/>
</testsuite> <!-- JavascriptConverter.compareExcel -->
