<?xml version="1.0" encoding="UTF-8"?>
<!-- Generated by org.testng.reporters.JUnitReportReporter -->
<testsuite hostname="HDC3-D-7J5P882" failures="1" tests="1" name="Utilities.readExcel" time="0.015" errors="0" timestamp="26 Jun 2018 12:35:20 GMT">
  <testcase classname="Utilities.readExcel" name="main" time="0.015">
    <failure type="java.lang.StackOverflowError">
      <![CDATA[java.lang.StackOverflowError
	at java.base/java.util.concurrent.ConcurrentHashMap.get(Unknown Source)
	at java.base/java.util.Properties.getProperty(Unknown Source)
	at java.base/java.lang.System.getProperty(Unknown Source)
	at Utilities.readExcel.readExcelData(readExcel.java:19)
	at Utilities.readExcel.readExcelData(readExcel.java:21)
	at Utilities.readExcel.readExcelData(readExcel.java:21)
	at Utilities.readExcel.readExcelData(readExcel.java:21)
	at Utilities.readExcel.readExcelData(readExcel.java:21)
	at Utilities.readExcel.readExcelData(readExcel.java:21)
	at Utilities.readExcel.readExcelData(readExcel.java:21)
	at Utilities.readExcel.readExcelData(readExcel.java:21)
	at Utilities.readExcel.readExcelData(readExcel.java:21)
	at Utilities.readExcel.readExcelData(readExcel.java:21)
	at Utilities.readExcel.readExcelData(readExcel.java:21)
	at Utilities.readExcel.readExcelData(readExcel.java:21)
	at Utilities.readExcel.readExcelData(readExcel.java:21)
	at Utilities.readExcel.readExcelData(readExcel.java:21)
	at Utilities.readExcel.readExcelData(readExcel.java:21)
	at Utilities.readExcel.readExcelData(readExcel.java:21)
	at Utilities.readExcel.readExcelData(readExcel.java:21)
	at Utilities.readExcel.readExcelData(readExcel.java:21)
	at Utilities.readExcel.readExcelData(readExcel.java:21)
	at Utilities.readExcel.readExcelData(readExcel.java:21)
	at Utilities.readExcel.readExcelData(readExcel.java:21)
	at Utilities.readExcel.readExcelData(readExcel.java:21)
	at Utilities.readExcel.readExcelData(readExcel.java:21)
	at Utilities.readExcel.readExcelData(readExcel.java:21)
	at Utilities.readExcel.readExcelData(readExcel.java:21)
	at Utilities.readExcel.readExcelData(readExcel.java:21)
	at Utilities.readExcel.readExcelData(readExcel.java:21)
	at Utilities.readExcel.readExcelData(readExcel.java:21)
	at Utilities.readExcel.readExcelData(readExcel.java:21)
	at Utilities.readExcel.readExcelData(readExcel.java:21)
	at Utilities.readExcel.readExcelData(readExcel.java:21)
	at Utilities.readExcel.readExcelData(readExcel.java:21)
	at Utilities.readExcel.readExcelData(readExcel.java:21)
	at Utilities.readExcel.readExcelData(readExcel.java:21)
	at Utilities.readExcel.readExcelData(readExcel.java:21)
	at Utilities.readExcel.readExcelData(readExcel.java:21)
	at Utilities.readExcel.readExcelData(readExcel.java:21)
	at Utilities.readExcel.readExcelData(readExcel.java:21)
	at Utilities.readExcel.readExcelData(readExcel.java:21)
	at Utilities.readExcel.readExcelData(readExcel.java:21)
	at Utilities.readExcel.readExcelData(readExcel.java:21)
	at Utilities.readExcel.readExcelData(readExcel.java:21)
	at Utilities.readExcel.readExcelData(readExcel.java:21)
	at Utilities.readExcel.readExcelData(readExcel.java:21)
	at Utilities.readExcel.readExcelData(readExcel.java:21)
	at Utilities.readExcel.readExcelData(readExcel.java:21)
	at Utilities.readExcel.readExcelData(readExcel.java:21)
	at Utilities.readExcel.readExcelData(readExcel.java:21)
	at Utilities.readExcel.readExcelData(readExcel.java:21)
	at Utilities.readExcel.readExcelData(readExcel.java:21)
	at Utilities.readExcel.readExcelData(readExcel.java:21)
	at Utilities.readExcel.readExcelData(readExcel.java:21)
	at Utilities.readExcel.readExcelData(readExcel.java:21)
	at Utilities.readExcel.readExcelData(readExcel.java:21)
	at Utilities.readExcel.readExcelData(readExcel.java:21)
	at Utilities.readExcel.readExcelData(readExcel.java:21)
	at Utilities.readExcel.readExcelData(readExcel.java:21)
	at Utilities.readExcel.readExcelData(readExcel.java:21)
	at Utilities.readExcel.readExcelData(readExcel.java:21)
	at Utilities.readExcel.readExcelData(readExcel.java:21)
	at Utilities.readExcel.readExcelData(readExcel.java:21)
	at Utilities.readExcel.readExcelData(readExcel.java:21)
	at Utilities.readExcel.readExcelData(readExcel.java:21)
	at Utilities.readExcel.readExcelData(readExcel.java:21)
	at Utilities.readExcel.readExcelData(readExcel.java:21)
	at Utilities.readExcel.readExcelData(readExcel.java:21)
	at Utilities.readExcel.readExcelData(readExcel.java:21)
	at Utilities.readExcel.readExcelData(readExcel.java:21)
	at Utilities.readExcel.readExcelData(readExcel.java:21)
	at Utilities.readExcel.readExcelData(readExcel.java:21)
	at Utilities.readExcel.readExcelData(readExcel.java:21)
	at Utilities.readExcel.readExcelData(readExcel.java:21)
	at Utilities.readExcel.readExcelData(readExcel.java:21)
	at Utilities.readExcel.readExcelData(readExcel.java:21)
	at Utilities.readExcel.readExcelData(readExcel.java:21)
	at Utilities.readExcel.readExcelData(readExcel.java:21)
	at Utilities.readExcel.readExcelData(readExcel.java:21)
	at Utilities.readExcel.readExcelData(readExcel.java:21)
	at Utilities.readExcel.readExcelData(readExcel.java:21)
	at Utilities.readExcel.readExcelData(readExcel.java:21)
	at Utilities.readExcel.readExcelData(readExcel.java:21)
	at Utilities.readExcel.readExcelData(readExcel.java:21)
	at Utilities.readExcel.readExcelData(readExcel.java:21)
	at Utilities.readExcel.readExcelData(readExcel.java:21)
	at Utilities.readExcel.readExcelData(readExcel.java:21)
	at Utilities.readExcel.readExcelData(readExcel.java:21)
	at Utilities.readExcel.readExcelData(readExcel.java:21)
	at Utilities.readExcel.readExcelData(readExcel.java:21)
	at Utilities.readExcel.readExcelData(readExcel.java:21)
	at Utilities.readExcel.readExcelData(readExcel.java:21)
	at Utilities.readExcel.readExcelData(readExcel.java:21)
	at Utilities.readExcel.readExcelData(readExcel.java:21)
	at Utilities.readExcel.readExcelData(readExcel.java:21)
	at Utilities.readExcel.readExcelData(readExcel.java:21)
	at Utilities.readExcel.readExcelData(readExcel.java:21)
	at Utilities.readExcel.readExcelData(readExcel.java:21)
	at Utilities.readExcel.readExcelData(readExcel.java:21)
	at Utilities.readExcel.readExcelData(readExcel.java:21)
	at Utilities.readExcel.readExcelData(readExcel.java:21)
	at Utilities.readExcel.readExcelData(readExcel.java:21)
	at Utilities.readExcel.readExcelData(readExcel.java:21)
	at Utilities.readExcel.readExcelData(readExcel.java:21)
	at Utilities.readExcel.readExcelData(readExcel.java:21)
	at Utilities.readExcel.readExcelData(readExcel.java:21)
	at Utilities.readExcel.readExcelData(readExcel.java:21)
	at Utilities.readExcel.readExcelData(readExcel.java:21)
	at Utilities.readExcel.readExcelData(readExcel.java:21)
	at Utilities.readExcel.readExcelData(readExcel.java:21)
	at Utilities.readExcel.readExcelData(readExcel.java:21)
	at Utilities.readExcel.readExcelData(readExcel.java:21)
	at Utilities.readExcel.readExcelData(readExcel.java:21)
	at Utilities.readExcel.readExcelData(readExcel.java:21)
	at Utilities.readExcel.readExcelData(readExcel.java:21)
	at Utilities.readExcel.readExcelData(readExcel.java:21)
	at Utilities.readExcel.readExcelData(readExcel.java:21)
	at Utilities.readExcel.readExcelData(readExcel.java:21)
	at Utilities.readExcel.readExcelData(readExcel.java:21)
	at Utilities.readExcel.readExcelData(readExcel.java:21)
	at Utilities.readExcel.readExcelData(readExcel.java:21)
	at Utilities.readExcel.readExcelData(readExcel.java:21)
	at Utilities.readExcel.readExcelData(readExcel.java:21)
	at Utilities.readExcel.readExcelData(readExcel.java:21)
	at Utilities.readExcel.readExcelData(readExcel.java:21)
	at Utilities.readExcel.readExcelData(readExcel.java:21)
	at Utilities.readExcel.readExcelData(readExcel.java:21)
	at Utilities.readExcel.readExcelData(readExcel.java:21)
	at Utilities.readExcel.readExcelData(readExcel.java:21)
	at Utilities.readExcel.readExcelData(readExcel.java:21)
	at Utilities.readExcel.readExcelData(readExcel.java:21)
	at Utilities.readExcel.readExcelData(readExcel.java:21)
	at Utilities.readExcel.readExcelData(readExcel.java:21)
	at Utilities.readExcel.readExcelData(readExcel.java:21)
	at Utilities.readExcel.readExcelData(readExcel.java:21)
	at Utilities.readExcel.readExcelData(readExcel.java:21)
	at Utilities.readExcel.readExcelData(readExcel.java:21)
	at Utilities.readExcel.readExcelData(readExcel.java:21)
	at Utilities.readExcel.readExcelData(readExcel.java:21)
	at Utilities.readExcel.readExcelData(readExcel.java:21)
	at Utilities.readExcel.readExcelData(readExcel.java:21)
	at Utilities.readExcel.readExcelData(readExcel.java:21)
	at Utilities.readExcel.readExcelData(readExcel.java:21)
	at Utilities.readExcel.readExcelData(readExcel.java:21)
	at Utilities.readExcel.readExcelData(readExcel.java:21)
	at Utilities.readExcel.readExcelData(readExcel.java:21)
	at Utilities.readExcel.readExcelData(readExcel.java:21)
	at Utilities.readExcel.readExcelData(readExcel.java:21)
	at Utilities.readExcel.readExcelData(readExcel.java:21)
	at Utilities.readExcel.readExcelData(readExcel.java:21)
	at Utilities.readExcel.readExcelData(readExcel.java:21)
	at Utilities.readExcel.readExcelData(readExcel.java:21)
	at Utilities.readExcel.readExcelData(readExcel.java:21)
	at Utilities.readExcel.readExcelData(readExcel.java:21)
	at Utilities.readExcel.readExcelData(readExcel.java:21)
	at Utilities.readExcel.readExcelData(readExcel.java:21)
	at Utilities.readExcel.readExcelData(readExcel.java:21)
	at Utilities.readExcel.readExcelData(readExcel.java:21)
	at Utilities.readExcel.readExcelData(readExcel.java:21)
	at Utilities.readExcel.readExcelData(readExcel.java:21)
	at Utilities.readExcel.readExcelData(readExcel.java:21)
	at Utilities.readExcel.readExcelData(readExcel.java:21)
	at Utilities.readExcel.readExcelData(readExcel.java:21)
	at Utilities.readExcel.readExcelData(readExcel.java:21)
	at Utilities.readExcel.readExcelData(readExcel.java:21)
	at Utilities.readExcel.readExcelData(readExcel.java:21)
	at Utilities.readExcel.readExcelData(readExcel.java:21)
	at Utilities.readExcel.readExcelData(readExcel.java:21)
	at Utilities.readExcel.readExcelData(readExcel.java:21)
	at Utilities.readExcel.readExcelData(readExcel.java:21)
	at Utilities.readExcel.readExcelData(readExcel.java:21)
	at Utilities.readExcel.readExcelData(readExcel.java:21)
	at Utilities.readExcel.readExcelData(readExcel.java:21)
	at Utilities.readExcel.readExcelData(readExcel.java:21)
	at Utilities.readExcel.readExcelData(readExcel.java:21)
	at Utilities.readExcel.readExcelData(readExcel.java:21)
	at Utilities.readExcel.readExcelData(readExcel.java:21)
	at Utilities.readExcel.readExcelData(readExcel.java:21)
	at Utilities.readExcel.readExcelData(readExcel.java:21)
	at Utilities.readExcel.readExcelData(readExcel.java:21)
	at Utilities.readExcel.readExcelData(readExcel.java:21)
	at Utilities.readExcel.readExcelData(readExcel.java:21)
	at Utilities.readExcel.readExcelData(readExcel.java:21)
	at Utilities.readExcel.readExcelData(readExcel.java:21)
	at Utilities.readExcel.readExcelData(readExcel.java:21)
	at Utilities.readExcel.readExcelData(readExcel.java:21)
	at Utilities.readExcel.readExcelData(readExcel.java:21)
	at Utilities.readExcel.readExcelData(readExcel.java:21)
	at Utilities.readExcel.readExcelData(readExcel.java:21)
	at Utilities.readExcel.readExcelData(readExcel.java:21)
	at Utilities.readExcel.readExcelData(readExcel.java:21)
	at Utilities.readExcel.readExcelData(readExcel.java:21)
	at Utilities.readExcel.readExcelData(readExcel.java:21)
	at Utilities.readExcel.readExcelData(readExcel.java:21)
	at Utilities.readExcel.readExcelData(readExcel.java:21)
	at Utilities.readExcel.readExcelData(readExcel.java:21)
	at Utilities.readExcel.readExcelData(readExcel.java:21)
	at Utilities.readExcel.readExcelData(readExcel.java:21)
	at Utilities.readExcel.readExcelData(readExcel.java:21)
	at Utilities.readExcel.readExcelData(readExcel.java:21)
	at Utilities.readExcel.readExcelData(readExcel.java:21)
	at Utilities.readExcel.readExcelData(readExcel.java:21)
	at Utilities.readExcel.readExcelData(readExcel.java:21)
	at Utilities.readExcel.readExcelData(readExcel.java:21)
	at Utilities.readExcel.readExcelData(readExcel.java:21)
	at Utilities.readExcel.readExcelData(readExcel.java:21)
	at Utilities.readExcel.readExcelData(readExcel.java:21)
	at Utilities.readExcel.readExcelData(readExcel.java:21)
	at Utilities.readExcel.readExcelData(readExcel.java:21)
	at Utilities.readExcel.readExcelData(readExcel.java:21)
	at Utilities.readExcel.readExcelData(readExcel.java:21)
	at Utilities.readExcel.readExcelData(readExcel.java:21)
	at Utilities.readExcel.readExcelData(readExcel.java:21)
	at Utilities.readExcel.readExcelData(readExcel.java:21)
	at Utilities.readExcel.readExcelData(readExcel.java:21)
	at Utilities.readExcel.readExcelData(readExcel.java:21)
	at Utilities.readExcel.readExcelData(readExcel.java:21)
	at Utilities.readExcel.readExcelData(readExcel.java:21)
	at Utilities.readExcel.readExcelData(readExcel.java:21)
	at Utilities.readExcel.readExcelData(readExcel.java:21)
	at Utilities.readExcel.readExcelData(readExcel.java:21)
	at Utilities.readExcel.readExcelData(readExcel.java:21)
	at Utilities.readExcel.readExcelData(readExcel.java:21)
	at Utilities.readExcel.readExcelData(readExcel.java:21)
	at Utilities.readExcel.readExcelData(readExcel.java:21)
	at Utilities.readExcel.readExcelData(readExcel.java:21)
	at Utilities.readExcel.readExcelData(readExcel.java:21)
	at Utilities.readExcel.readExcelData(readExcel.java:21)
	at Utilities.readExcel.readExcelData(readExcel.java:21)
	at Utilities.readExcel.readExcelData(readExcel.java:21)
	at Utilities.readExcel.readExcelData(readExcel.java:21)
	at Utilities.readExcel.readExcelData(readExcel.java:21)
	at Utilities.readExcel.readExcelData(readExcel.java:21)
	at Utilities.readExcel.readExcelData(readExcel.java:21)
	at Utilities.readExcel.readExcelData(readExcel.java:21)
	at Utilities.readExcel.readExcelData(readExcel.java:21)
	at Utilities.readExcel.readExcelData(readExcel.java:21)
	at Utilities.readExcel.readExcelData(readExcel.java:21)
	at Utilities.readExcel.readExcelData(readExcel.java:21)
	at Utilities.readExcel.readExcelData(readExcel.java:21)
	at Utilities.readExcel.readExcelData(readExcel.java:21)
	at Utilities.readExcel.readExcelData(readExcel.java:21)
	at Utilities.readExcel.readExcelData(readExcel.java:21)
	at Utilities.readExcel.readExcelData(readExcel.java:21)
	at Utilities.readExcel.readExcelData(readExcel.java:21)
	at Utilities.readExcel.readExcelData(readExcel.java:21)
	at Utilities.readExcel.readExcelData(readExcel.java:21)
	at Utilities.readExcel.readExcelData(readExcel.java:21)
	at Utilities.readExcel.readExcelData(readExcel.java:21)
	at Utilities.readExcel.readExcelData(readExcel.java:21)
	at Utilities.readExcel.readExcelData(readExcel.java:21)
	at Utilities.readExcel.readExcelData(readExcel.java:21)
	at Utilities.readExcel.readExcelData(readExcel.java:21)
	at Utilities.readExcel.readExcelData(readExcel.java:21)
	at Utilities.readExcel.readExcelData(readExcel.java:21)
	at Utilities.readExcel.readExcelData(readExcel.java:21)
	at Utilities.readExcel.readExcelData(readExcel.java:21)
	at Utilities.readExcel.readExcelData(readExcel.java:21)
	at Utilities.readExcel.readExcelData(readExcel.java:21)
	at Utilities.readExcel.readExcelData(readExcel.java:21)
	at Utilities.readExcel.readExcelData(readExcel.java:21)
	at Utilities.readExcel.readExcelData(readExcel.java:21)
	at Utilities.readExcel.readExcelData(readExcel.java:21)
	at Utilities.readExcel.readExcelData(readExcel.java:21)
	at Utilities.readExcel.readExcelData(readExcel.java:21)
	at Utilities.readExcel.readExcelData(readExcel.java:21)
	at Utilities.readExcel.readExcelData(readExcel.java:21)
	at Utilities.readExcel.readExcelData(readExcel.java:21)
	at Utilities.readExcel.readExcelData(readExcel.java:21)
	at Utilities.readExcel.readExcelData(readExcel.java:21)
	at Utilities.readExcel.readExcelData(readExcel.java:21)
	at Utilities.readExcel.readExcelData(readExcel.java:21)
	at Utilities.readExcel.readExcelData(readExcel.java:21)
	at Utilities.readExcel.readExcelData(readExcel.java:21)
	at Utilities.readExcel.readExcelData(readExcel.java:21)
	at Utilities.readExcel.readExcelData(readExcel.java:21)
	at Utilities.readExcel.readExcelData(readExcel.java:21)
	at Utilities.readExcel.readExcelData(readExcel.java:21)
	at Utilities.readExcel.readExcelData(readExcel.java:21)
	at Utilities.readExcel.readExcelData(readExcel.java:21)
	at Utilities.readExcel.readExcelData(readExcel.java:21)
	at Utilities.readExcel.readExcelData(readExcel.java:21)
	at Utilities.readExcel.readExcelData(readExcel.java:21)
	at Utilities.readExcel.readExcelData(readExcel.java:21)
	at Utilities.readExcel.readExcelData(readExcel.java:21)
	at Utilities.readExcel.readExcelData(readExcel.java:21)
	at Utilities.readExcel.readExcelData(readExcel.java:21)
	at Utilities.readExcel.readExcelData(readExcel.java:21)
	at Utilities.readExcel.readExcelData(readExcel.java:21)
	at Utilities.readExcel.readExcelData(readExcel.java:21)
	at Utilities.readExcel.readExcelData(readExcel.java:21)
	at Utilities.readExcel.readExcelData(readExcel.java:21)
	at Utilities.readExcel.readExcelData(readExcel.java:21)
	at Utilities.readExcel.readExcelData(readExcel.java:21)
	at Utilities.readExcel.readExcelData(readExcel.java:21)
	at Utilities.readExcel.readExcelData(readExcel.java:21)
	at Utilities.readExcel.readExcelData(readExcel.java:21)
	at Utilities.readExcel.readExcelData(readExcel.java:21)
	at Utilities.readExcel.readExcelData(readExcel.java:21)
	at Utilities.readExcel.readExcelData(readExcel.java:21)
	at Utilities.readExcel.readExcelData(readExcel.java:21)
	at Utilities.readExcel.readExcelData(readExcel.java:21)
	at Utilities.readExcel.readExcelData(readExcel.java:21)
	at Utilities.readExcel.readExcelData(readExcel.java:21)
	at Utilities.readExcel.readExcelData(readExcel.java:21)
	at Utilities.readExcel.readExcelData(readExcel.java:21)
	at Utilities.readExcel.readExcelData(readExcel.java:21)
	at Utilities.readExcel.readExcelData(readExcel.java:21)
	at Utilities.readExcel.readExcelData(readExcel.java:21)
	at Utilities.readExcel.readExcelData(readExcel.java:21)
	at Utilities.readExcel.readExcelData(readExcel.java:21)
	at Utilities.readExcel.readExcelData(readExcel.java:21)
	at Utilities.readExcel.readExcelData(readExcel.java:21)
	at Utilities.readExcel.readExcelData(readExcel.java:21)
	at Utilities.readExcel.readExcelData(readExcel.java:21)
	at Utilities.readExcel.readExcelData(readExcel.java:21)
	at Utilities.readExcel.readExcelData(readExcel.java:21)
	at Utilities.readExcel.readExcelData(readExcel.java:21)
	at Utilities.readExcel.readExcelData(readExcel.java:21)
	at Utilities.readExcel.readExcelData(readExcel.java:21)
	at Utilities.readExcel.readExcelData(readExcel.java:21)
	at Utilities.readExcel.readExcelData(readExcel.java:21)
	at Utilities.readExcel.readExcelData(readExcel.java:21)
	at Utilities.readExcel.readExcelData(readExcel.java:21)
	at Utilities.readExcel.readExcelData(readExcel.java:21)
	at Utilities.readExcel.readExcelData(readExcel.java:21)
	at Utilities.readExcel.readExcelData(readExcel.java:21)
	at Utilities.readExcel.readExcelData(readExcel.java:21)
	at Utilities.readExcel.readExcelData(readExcel.java:21)
	at Utilities.readExcel.readExcelData(readExcel.java:21)
	at Utilities.readExcel.readExcelData(readExcel.java:21)
	at Utilities.readExcel.readExcelData(readExcel.java:21)
	at Utilities.readExcel.readExcelData(readExcel.java:21)
	at Utilities.readExcel.readExcelData(readExcel.java:21)
	at Utilities.readExcel.readExcelData(readExcel.java:21)
	at Utilities.readExcel.readExcelData(readExcel.java:21)
	at Utilities.readExcel.readExcelData(readExcel.java:21)
	at Utilities.readExcel.readExcelData(readExcel.java:21)
	at Utilities.readExcel.readExcelData(readExcel.java:21)
	at Utilities.readExcel.readExcelData(readExcel.java:21)
	at Utilities.readExcel.readExcelData(readExcel.java:21)
	at Utilities.readExcel.readExcelData(readExcel.java:21)
	at Utilities.readExcel.readExcelData(readExcel.java:21)
	at Utilities.readExcel.readExcelData(readExcel.java:21)
	at Utilities.readExcel.readExcelData(readExcel.java:21)
	at Utilities.readExcel.readExcelData(readExcel.java:21)
	at Utilities.readExcel.readExcelData(readExcel.java:21)
	at Utilities.readExcel.readExcelData(readExcel.java:21)
	at Utilities.readExcel.readExcelData(readExcel.java:21)
	at Utilities.readExcel.readExcelData(readExcel.java:21)
	at Utilities.readExcel.readExcelData(readExcel.java:21)
	at Utilities.readExcel.readExcelData(readExcel.java:21)
	at Utilities.readExcel.readExcelData(readExcel.java:21)
	at Utilities.readExcel.readExcelData(readExcel.java:21)
	at Utilities.readExcel.readExcelData(readExcel.java:21)
	at Utilities.readExcel.readExcelData(readExcel.java:21)
	at Utilities.readExcel.readExcelData(readExcel.java:21)
	at Utilities.readExcel.readExcelData(readExcel.java:21)
	at Utilities.readExcel.readExcelData(readExcel.java:21)
	at Utilities.readExcel.readExcelData(readExcel.java:21)
	at Utilities.readExcel.readExcelData(readExcel.java:21)
	at Utilities.readExcel.readExcelData(readExcel.java:21)
	at Utilities.readExcel.readExcelData(readExcel.java:21)
	at Utilities.readExcel.readExcelData(readExcel.java:21)
	at Utilities.readExcel.readExcelData(readExcel.java:21)
	at Utilities.readExcel.readExcelData(readExcel.java:21)
	at Utilities.readExcel.readExcelData(readExcel.java:21)
	at Utilities.readExcel.readExcelData(readExcel.java:21)
	at Utilities.readExcel.readExcelData(readExcel.java:21)
	at Utilities.readExcel.readExcelData(readExcel.java:21)
	at Utilities.readExcel.readExcelData(readExcel.java:21)
	at Utilities.readExcel.readExcelData(readExcel.java:21)
	at Utilities.readExcel.readExcelData(readExcel.java:21)
	at Utilities.readExcel.readExcelData(readExcel.java:21)
	at Utilities.readExcel.readExcelData(readExcel.java:21)
	at Utilities.readExcel.readExcelData(readExcel.java:21)
	at Utilities.readExcel.readExcelData(readExcel.java:21)
	at Utilities.readExcel.readExcelData(readExcel.java:21)
	at Utilities.readExcel.readExcelData(readExcel.java:21)
	at Utilities.readExcel.readExcelData(readExcel.java:21)
	at Utilities.readExcel.readExcelData(readExcel.java:21)
	at Utilities.readExcel.readExcelData(readExcel.java:21)
	at Utilities.readExcel.readExcelData(readExcel.java:21)
	at Utilities.readExcel.readExcelData(readExcel.java:21)
	at Utilities.readExcel.readExcelData(readExcel.java:21)
	at Utilities.readExcel.readExcelData(readExcel.java:21)
	at Utilities.readExcel.readExcelData(readExcel.java:21)
	at Utilities.readExcel.readExcelData(readExcel.java:21)
	at Utilities.readExcel.readExcelData(readExcel.java:21)
	at Utilities.readExcel.readExcelData(readExcel.java:21)
	at Utilities.readExcel.readExcelData(readExcel.java:21)
	at Utilities.readExcel.readExcelData(readExcel.java:21)
	at Utilities.readExcel.readExcelData(readExcel.java:21)
	at Utilities.readExcel.readExcelData(readExcel.java:21)
	at Utilities.readExcel.readExcelData(readExcel.java:21)
	at Utilities.readExcel.readExcelData(readExcel.java:21)
	at Utilities.readExcel.readExcelData(readExcel.java:21)
	at Utilities.readExcel.readExcelData(readExcel.java:21)
	at Utilities.readExcel.readExcelData(readExcel.java:21)
	at Utilities.readExcel.readExcelData(readExcel.java:21)
	at Utilities.readExcel.readExcelData(readExcel.java:21)
	at Utilities.readExcel.readExcelData(readExcel.java:21)
	at Utilities.readExcel.readExcelData(readExcel.java:21)
	at Utilities.readExcel.readExcelData(readExcel.java:21)
	at Utilities.readExcel.readExcelData(readExcel.java:21)
	at Utilities.readExcel.readExcelData(readExcel.java:21)
	at Utilities.readExcel.readExcelData(readExcel.java:21)
	at Utilities.readExcel.readExcelData(readExcel.java:21)
	at Utilities.readExcel.readExcelData(readExcel.java:21)
	at Utilities.readExcel.readExcelData(readExcel.java:21)
	at Utilities.readExcel.readExcelData(readExcel.java:21)
	at Utilities.readExcel.readExcelData(readExcel.java:21)
	at Utilities.readExcel.readExcelData(readExcel.java:21)
	at Utilities.readExcel.readExcelData(readExcel.java:21)
	at Utilities.readExcel.readExcelData(readExcel.java:21)
	at Utilities.readExcel.readExcelData(readExcel.java:21)
	at Utilities.readExcel.readExcelData(readExcel.java:21)
	at Utilities.readExcel.readExcelData(readExcel.java:21)
	at Utilities.readExcel.readExcelData(readExcel.java:21)
	at Utilities.readExcel.readExcelData(readExcel.java:21)
	at Utilities.readExcel.readExcelData(readExcel.java:21)
	at Utilities.readExcel.readExcelData(readExcel.java:21)
	at Utilities.readExcel.readExcelData(readExcel.java:21)
	at Utilities.readExcel.readExcelData(readExcel.java:21)
	at Utilities.readExcel.readExcelData(readExcel.java:21)
	at Utilities.readExcel.readExcelData(readExcel.java:21)
	at Utilities.readExcel.readExcelData(readExcel.java:21)
	at Utilities.readExcel.readExcelData(readExcel.java:21)
	at Utilities.readExcel.readExcelData(readExcel.java:21)
	at Utilities.readExcel.readExcelData(readExcel.java:21)
	at Utilities.readExcel.readExcelData(readExcel.java:21)
	at Utilities.readExcel.readExcelData(readExcel.java:21)
	at Utilities.readExcel.readExcelData(readExcel.java:21)
	at Utilities.readExcel.readExcelData(readExcel.java:21)
	at Utilities.readExcel.readExcelData(readExcel.java:21)
	at Utilities.readExcel.readExcelData(readExcel.java:21)
	at Utilities.readExcel.readExcelData(readExcel.java:21)
	at Utilities.readExcel.readExcelData(readExcel.java:21)
	at Utilities.readExcel.readExcelData(readExcel.java:21)
	at Utilities.readExcel.readExcelData(readExcel.java:21)
	at Utilities.readExcel.readExcelData(readExcel.java:21)
	at Utilities.readExcel.readExcelData(readExcel.java:21)
	at Utilities.readExcel.readExcelData(readExcel.java:21)
	at Utilities.readExcel.readExcelData(readExcel.java:21)
	at Utilities.readExcel.readExcelData(readExcel.java:21)
	at Utilities.readExcel.readExcelData(readExcel.java:21)
	at Utilities.readExcel.readExcelData(readExcel.java:21)
	at Utilities.readExcel.readExcelData(readExcel.java:21)
	at Utilities.readExcel.readExcelData(readExcel.java:21)
	at Utilities.readExcel.readExcelData(readExcel.java:21)
	at Utilities.readExcel.readExcelData(readExcel.java:21)
	at Utilities.readExcel.readExcelData(readExcel.java:21)
	at Utilities.readExcel.readExcelData(readExcel.java:21)
	at Utilities.readExcel.readExcelData(readExcel.java:21)
	at Utilities.readExcel.readExcelData(readExcel.java:21)
	at Utilities.readExcel.readExcelData(readExcel.java:21)
	at Utilities.readExcel.readExcelData(readExcel.java:21)
	at Utilities.readExcel.readExcelData(readExcel.java:21)
	at Utilities.readExcel.readExcelData(readExcel.java:21)
	at Utilities.readExcel.readExcelData(readExcel.java:21)
	at Utilities.readExcel.readExcelData(readExcel.java:21)
	at Utilities.readExcel.readExcelData(readExcel.java:21)
	at Utilities.readExcel.readExcelData(readExcel.java:21)
	at Utilities.readExcel.readExcelData(readExcel.java:21)
	at Utilities.readExcel.readExcelData(readExcel.java:21)
	at Utilities.readExcel.readExcelData(readExcel.java:21)
	at Utilities.readExcel.readExcelData(readExcel.java:21)
	at Utilities.readExcel.readExcelData(readExcel.java:21)
	at Utilities.readExcel.readExcelData(readExcel.java:21)
	at Utilities.readExcel.readExcelData(readExcel.java:21)
	at Utilities.readExcel.readExcelData(readExcel.java:21)
	at Utilities.readExcel.readExcelData(readExcel.java:21)
	at Utilities.readExcel.readExcelData(readExcel.java:21)
	at Utilities.readExcel.readExcelData(readExcel.java:21)
	at Utilities.readExcel.readExcelData(readExcel.java:21)
	at Utilities.readExcel.readExcelData(readExcel.java:21)
	at Utilities.readExcel.readExcelData(readExcel.java:21)
	at Utilities.readExcel.readExcelData(readExcel.java:21)
	at Utilities.readExcel.readExcelData(readExcel.java:21)
	at Utilities.readExcel.readExcelData(readExcel.java:21)
	at Utilities.readExcel.readExcelData(readExcel.java:21)
	at Utilities.readExcel.readExcelData(readExcel.java:21)
	at Utilities.readExcel.readExcelData(readExcel.java:21)
	at Utilities.readExcel.readExcelData(readExcel.java:21)
	at Utilities.readExcel.readExcelData(readExcel.java:21)
	at Utilities.readExcel.readExcelData(readExcel.java:21)
	at Utilities.readExcel.readExcelData(readExcel.java:21)
	at Utilities.readExcel.readExcelData(readExcel.java:21)
	at Utilities.readExcel.readExcelData(readExcel.java:21)
	at Utilities.readExcel.readExcelData(readExcel.java:21)
	at Utilities.readExcel.readExcelData(readExcel.java:21)
	at Utilities.readExcel.readExcelData(readExcel.java:21)
	at Utilities.readExcel.readExcelData(readExcel.java:21)
	at Utilities.readExcel.readExcelData(readExcel.java:21)
	at Utilities.readExcel.readExcelData(readExcel.java:21)
	at Utilities.readExcel.readExcelData(readExcel.java:21)
	at Utilities.readExcel.readExcelData(readExcel.java:21)
	at Utilities.readExcel.readExcelData(readExcel.java:21)
	at Utilities.readExcel.readExcelData(readExcel.java:21)
	at Utilities.readExcel.readExcelData(readExcel.java:21)
	at Utilities.readExcel.readExcelData(readExcel.java:21)
	at Utilities.readExcel.readExcelData(readExcel.java:21)
	at Utilities.readExcel.readExcelData(readExcel.java:21)
	at Utilities.readExcel.readExcelData(readExcel.java:21)
	at Utilities.readExcel.readExcelData(readExcel.java:21)
	at Utilities.readExcel.readExcelData(readExcel.java:21)
	at Utilities.readExcel.readExcelData(readExcel.java:21)
	at Utilities.readExcel.readExcelData(readExcel.java:21)
	at Utilities.readExcel.readExcelData(readExcel.java:21)
	at Utilities.readExcel.readExcelData(readExcel.java:21)
	at Utilities.readExcel.readExcelData(readExcel.java:21)
	at Utilities.readExcel.readExcelData(readExcel.java:21)
	at Utilities.readExcel.readExcelData(readExcel.java:21)
	at Utilities.readExcel.readExcelData(readExcel.java:21)
	at Utilities.readExcel.readExcelData(readExcel.java:21)
	at Utilities.readExcel.readExcelData(readExcel.java:21)
	at Utilities.readExcel.readExcelData(readExcel.java:21)
	at Utilities.readExcel.readExcelData(readExcel.java:21)
	at Utilities.readExcel.readExcelData(readExcel.java:21)
	at Utilities.readExcel.readExcelData(readExcel.java:21)
	at Utilities.readExcel.readExcelData(readExcel.java:21)
	at Utilities.readExcel.readExcelData(readExcel.java:21)
	at Utilities.readExcel.readExcelData(readExcel.java:21)
	at Utilities.readExcel.readExcelData(readExcel.java:21)
	at Utilities.readExcel.readExcelData(readExcel.java:21)
	at Utilities.readExcel.readExcelData(readExcel.java:21)
	at Utilities.readExcel.readExcelData(readExcel.java:21)
	at Utilities.readExcel.readExcelData(readExcel.java:21)
	at Utilities.readExcel.readExcelData(readExcel.java:21)
	at Utilities.readExcel.readExcelData(readExcel.java:21)
	at Utilities.readExcel.readExcelData(readExcel.java:21)
	at Utilities.readExcel.readExcelData(readExcel.java:21)
	at Utilities.readExcel.readExcelData(readExcel.java:21)
	at Utilities.readExcel.readExcelData(readExcel.java:21)
	at Utilities.readExcel.readExcelData(readExcel.java:21)
	at Utilities.readExcel.readExcelData(readExcel.java:21)
	at Utilities.readExcel.readExcelData(readExcel.java:21)
	at Utilities.readExcel.readExcelData(readExcel.java:21)
	at Utilities.readExcel.readExcelData(readExcel.java:21)
	at Utilities.readExcel.readExcelData(readExcel.java:21)
	at Utilities.readExcel.readExcelData(readExcel.java:21)
	at Utilities.readExcel.readExcelData(readExcel.java:21)
	at Utilities.readExcel.readExcelData(readExcel.java:21)
	at Utilities.readExcel.readExcelData(readExcel.java:21)
	at Utilities.readExcel.readExcelData(readExcel.java:21)
	at Utilities.readExcel.readExcelData(readExcel.java:21)
	at Utilities.readExcel.readExcelData(readExcel.java:21)
	at Utilities.readExcel.readExcelData(readExcel.java:21)
	at Utilities.readExcel.readExcelData(readExcel.java:21)
	at Utilities.readExcel.readExcelData(readExcel.java:21)
	at Utilities.readExcel.readExcelData(readExcel.java:21)
	at Utilities.readExcel.readExcelData(readExcel.java:21)
	at Utilities.readExcel.readExcelData(readExcel.java:21)
	at Utilities.readExcel.readExcelData(readExcel.java:21)
	at Utilities.readExcel.readExcelData(readExcel.java:21)
	at Utilities.readExcel.readExcelData(readExcel.java:21)
	at Utilities.readExcel.readExcelData(readExcel.java:21)
	at Utilities.readExcel.readExcelData(readExcel.java:21)
	at Utilities.readExcel.readExcelData(readExcel.java:21)
	at Utilities.readExcel.readExcelData(readExcel.java:21)
	at Utilities.readExcel.readExcelData(readExcel.java:21)
	at Utilities.readExcel.readExcelData(readExcel.java:21)
	at Utilities.readExcel.readExcelData(readExcel.java:21)
	at Utilities.readExcel.readExcelData(readExcel.java:21)
	at Utilities.readExcel.readExcelData(readExcel.java:21)
	at Utilities.readExcel.readExcelData(readExcel.java:21)
	at Utilities.readExcel.readExcelData(readExcel.java:21)
	at Utilities.readExcel.readExcelData(readExcel.java:21)
	at Utilities.readExcel.readExcelData(readExcel.java:21)
	at Utilities.readExcel.readExcelData(readExcel.java:21)
	at Utilities.readExcel.readExcelData(readExcel.java:21)
	at Utilities.readExcel.readExcelData(readExcel.java:21)
	at Utilities.readExcel.readExcelData(readExcel.java:21)
	at Utilities.readExcel.readExcelData(readExcel.java:21)
	at Utilities.readExcel.readExcelData(readExcel.java:21)
	at Utilities.readExcel.readExcelData(readExcel.java:21)
	at Utilities.readExcel.readExcelData(readExcel.java:21)
	at Utilities.readExcel.readExcelData(readExcel.java:21)
	at Utilities.readExcel.readExcelData(readExcel.java:21)
	at Utilities.readExcel.readExcelData(readExcel.java:21)
	at Utilities.readExcel.readExcelData(readExcel.java:21)
	at Utilities.readExcel.readExcelData(readExcel.java:21)
	at Utilities.readExcel.readExcelData(readExcel.java:21)
	at Utilities.readExcel.readExcelData(readExcel.java:21)
	at Utilities.readExcel.readExcelData(readExcel.java:21)
	at Utilities.readExcel.readExcelData(readExcel.java:21)
	at Utilities.readExcel.readExcelData(readExcel.java:21)
	at Utilities.readExcel.readExcelData(readExcel.java:21)
	at Utilities.readExcel.readExcelData(readExcel.java:21)
	at Utilities.readExcel.readExcelData(readExcel.java:21)
	at Utilities.readExcel.readExcelData(readExcel.java:21)
	at Utilities.readExcel.readExcelData(readExcel.java:21)
	at Utilities.readExcel.readExcelData(readExcel.java:21)
	at Utilities.readExcel.readExcelData(readExcel.java:21)
	at Utilities.readExcel.readExcelData(readExcel.java:21)
	at Utilities.readExcel.readExcelData(readExcel.java:21)
	at Utilities.readExcel.readExcelData(readExcel.java:21)
	at Utilities.readExcel.readExcelData(readExcel.java:21)
	at Utilities.readExcel.readExcelData(readExcel.java:21)
	at Utilities.readExcel.readExcelData(readExcel.java:21)
	at Utilities.readExcel.readExcelData(readExcel.java:21)
	at Utilities.readExcel.readExcelData(readExcel.java:21)
	at Utilities.readExcel.readExcelData(readExcel.java:21)
	at Utilities.readExcel.readExcelData(readExcel.java:21)
	at Utilities.readExcel.readExcelData(readExcel.java:21)
	at Utilities.readExcel.readExcelData(readExcel.java:21)
	at Utilities.readExcel.readExcelData(readExcel.java:21)
	at Utilities.readExcel.readExcelData(readExcel.java:21)
	at Utilities.readExcel.readExcelData(readExcel.java:21)
	at Utilities.readExcel.readExcelData(readExcel.java:21)
	at Utilities.readExcel.readExcelData(readExcel.java:21)
	at Utilities.readExcel.readExcelData(readExcel.java:21)
	at Utilities.readExcel.readExcelData(readExcel.java:21)
	at Utilities.readExcel.readExcelData(readExcel.java:21)
	at Utilities.readExcel.readExcelData(readExcel.java:21)
	at Utilities.readExcel.readExcelData(readExcel.java:21)
	at Utilities.readExcel.readExcelData(readExcel.java:21)
	at Utilities.readExcel.readExcelData(readExcel.java:21)
	at Utilities.readExcel.readExcelData(readExcel.java:21)
	at Utilities.readExcel.readExcelData(readExcel.java:21)
	at Utilities.readExcel.readExcelData(readExcel.java:21)
	at Utilities.readExcel.readExcelData(readExcel.java:21)
	at Utilities.readExcel.readExcelData(readExcel.java:21)
	at Utilities.readExcel.readExcelData(readExcel.java:21)
	at Utilities.readExcel.readExcelData(readExcel.java:21)
	at Utilities.readExcel.readExcelData(readExcel.java:21)
	at Utilities.readExcel.readExcelData(readExcel.java:21)
	at Utilities.readExcel.readExcelData(readExcel.java:21)
	at Utilities.readExcel.readExcelData(readExcel.java:21)
	at Utilities.readExcel.readExcelData(readExcel.java:21)
	at Utilities.readExcel.readExcelData(readExcel.java:21)
	at Utilities.readExcel.readExcelData(readExcel.java:21)
	at Utilities.readExcel.readExcelData(readExcel.java:21)
	at Utilities.readExcel.readExcelData(readExcel.java:21)
	at Utilities.readExcel.readExcelData(readExcel.java:21)
	at Utilities.readExcel.readExcelData(readExcel.java:21)
	at Utilities.readExcel.readExcelData(readExcel.java:21)
	at Utilities.readExcel.readExcelData(readExcel.java:21)
	at Utilities.readExcel.readExcelData(readExcel.java:21)
	at Utilities.readExcel.readExcelData(readExcel.java:21)
	at Utilities.readExcel.readExcelData(readExcel.java:21)
	at Utilities.readExcel.readExcelData(readExcel.java:21)
	at Utilities.readExcel.readExcelData(readExcel.java:21)
	at Utilities.readExcel.readExcelData(readExcel.java:21)
	at Utilities.readExcel.readExcelData(readExcel.java:21)
	at Utilities.readExcel.readExcelData(readExcel.java:21)
	at Utilities.readExcel.readExcelData(readExcel.java:21)
	at Utilities.readExcel.readExcelData(readExcel.java:21)
	at Utilities.readExcel.readExcelData(readExcel.java:21)
	at Utilities.readExcel.readExcelData(readExcel.java:21)
	at Utilities.readExcel.readExcelData(readExcel.java:21)
	at Utilities.readExcel.readExcelData(readExcel.java:21)
	at Utilities.readExcel.readExcelData(readExcel.java:21)
	at Utilities.readExcel.readExcelData(readExcel.java:21)
	at Utilities.readExcel.readExcelData(readExcel.java:21)
	at Utilities.readExcel.readExcelData(readExcel.java:21)
	at Utilities.readExcel.readExcelData(readExcel.java:21)
	at Utilities.readExcel.readExcelData(readExcel.java:21)
	at Utilities.readExcel.readExcelData(readExcel.java:21)
	at Utilities.readExcel.readExcelData(readExcel.java:21)
	at Utilities.readExcel.readExcelData(readExcel.java:21)
	at Utilities.readExcel.readExcelData(readExcel.java:21)
	at Utilities.readExcel.readExcelData(readExcel.java:21)
	at Utilities.readExcel.readExcelData(readExcel.java:21)
	at Utilities.readExcel.readExcelData(readExcel.java:21)
	at Utilities.readExcel.readExcelData(readExcel.java:21)
	at Utilities.readExcel.readExcelData(readExcel.java:21)
	at Utilities.readExcel.readExcelData(readExcel.java:21)
	at Utilities.readExcel.readExcelData(readExcel.java:21)
	at Utilities.readExcel.readExcelData(readExcel.java:21)
	at Utilities.readExcel.readExcelData(readExcel.java:21)
	at Utilities.readExcel.readExcelData(readExcel.java:21)
	at Utilities.readExcel.readExcelData(readExcel.java:21)
	at Utilities.readExcel.readExcelData(readExcel.java:21)
	at Utilities.readExcel.readExcelData(readExcel.java:21)
	at Utilities.readExcel.readExcelData(readExcel.java:21)
	at Utilities.readExcel.readExcelData(readExcel.java:21)
	at Utilities.readExcel.readExcelData(readExcel.java:21)
	at Utilities.readExcel.readExcelData(readExcel.java:21)
	at Utilities.readExcel.readExcelData(readExcel.java:21)
	at Utilities.readExcel.readExcelData(readExcel.java:21)
	at Utilities.readExcel.readExcelData(readExcel.java:21)
	at Utilities.readExcel.readExcelData(readExcel.java:21)
	at Utilities.readExcel.readExcelData(readExcel.java:21)
	at Utilities.readExcel.readExcelData(readExcel.java:21)
	at Utilities.readExcel.readExcelData(readExcel.java:21)
	at Utilities.readExcel.readExcelData(readExcel.java:21)
	at Utilities.readExcel.readExcelData(readExcel.java:21)
	at Utilities.readExcel.readExcelData(readExcel.java:21)
	at Utilities.readExcel.readExcelData(readExcel.java:21)
	at Utilities.readExcel.readExcelData(readExcel.java:21)
	at Utilities.readExcel.readExcelData(readExcel.java:21)
	at Utilities.readExcel.readExcelData(readExcel.java:21)
	at Utilities.readExcel.readExcelData(readExcel.java:21)
	at Utilities.readExcel.readExcelData(readExcel.java:21)
	at Utilities.readExcel.readExcelData(readExcel.java:21)
	at Utilities.readExcel.readExcelData(readExcel.java:21)
	at Utilities.readExcel.readExcelData(readExcel.java:21)
	at Utilities.readExcel.readExcelData(readExcel.java:21)
	at Utilities.readExcel.readExcelData(readExcel.java:21)
	at Utilities.readExcel.readExcelData(readExcel.java:21)
	at Utilities.readExcel.readExcelData(readExcel.java:21)
	at Utilities.readExcel.readExcelData(readExcel.java:21)
	at Utilities.readExcel.readExcelData(readExcel.java:21)
	at Utilities.readExcel.readExcelData(readExcel.java:21)
	at Utilities.readExcel.readExcelData(readExcel.java:21)
	at Utilities.readExcel.readExcelData(readExcel.java:21)
	at Utilities.readExcel.readExcelData(readExcel.java:21)
	at Utilities.readExcel.readExcelData(readExcel.java:21)
	at Utilities.readExcel.readExcelData(readExcel.java:21)
	at Utilities.readExcel.readExcelData(readExcel.java:21)
	at Utilities.readExcel.readExcelData(readExcel.java:21)
	at Utilities.readExcel.readExcelData(readExcel.java:21)
	at Utilities.readExcel.readExcelData(readExcel.java:21)
	at Utilities.readExcel.readExcelData(readExcel.java:21)
	at Utilities.readExcel.readExcelData(readExcel.java:21)
	at Utilities.readExcel.readExcelData(readExcel.java:21)
	at Utilities.readExcel.readExcelData(readExcel.java:21)
	at Utilities.readExcel.readExcelData(readExcel.java:21)
	at Utilities.readExcel.readExcelData(readExcel.java:21)
	at Utilities.readExcel.readExcelData(readExcel.java:21)
	at Utilities.readExcel.readExcelData(readExcel.java:21)
	at Utilities.readExcel.readExcelData(readExcel.java:21)
	at Utilities.readExcel.readExcelData(readExcel.java:21)
	at Utilities.readExcel.readExcelData(readExcel.java:21)
	at Utilities.readExcel.readExcelData(readExcel.java:21)
	at Utilities.readExcel.readExcelData(readExcel.java:21)
	at Utilities.readExcel.readExcelData(readExcel.java:21)
	at Utilities.readExcel.readExcelData(readExcel.java:21)
	at Utilities.readExcel.readExcelData(readExcel.java:21)
	at Utilities.readExcel.readExcelData(readExcel.java:21)
	at Utilities.readExcel.readExcelData(readExcel.java:21)
	at Utilities.readExcel.readExcelData(readExcel.java:21)
	at Utilities.readExcel.readExcelData(readExcel.java:21)
	at Utilities.readExcel.readExcelData(readExcel.java:21)
	at Utilities.readExcel.readExcelData(readExcel.java:21)
	at Utilities.readExcel.readExcelData(readExcel.java:21)
	at Utilities.readExcel.readExcelData(readExcel.java:21)
	at Utilities.readExcel.readExcelData(readExcel.java:21)
	at Utilities.readExcel.readExcelData(readExcel.java:21)
	at Utilities.readExcel.readExcelData(readExcel.java:21)
	at Utilities.readExcel.readExcelData(readExcel.java:21)
	at Utilities.readExcel.readExcelData(readExcel.java:21)
	at Utilities.readExcel.readExcelData(readExcel.java:21)
	at Utilities.readExcel.readExcelData(readExcel.java:21)
	at Utilities.readExcel.readExcelData(readExcel.java:21)
	at Utilities.readExcel.readExcelData(readExcel.java:21)
	at Utilities.readExcel.readExcelData(readExcel.java:21)
	at Utilities.readExcel.readExcelData(readExcel.java:21)
	at Utilities.readExcel.readExcelData(readExcel.java:21)
	at Utilities.readExcel.readExcelData(readExcel.java:21)
	at Utilities.readExcel.readExcelData(readExcel.java:21)
	at Utilities.readExcel.readExcelData(readExcel.java:21)
	at Utilities.readExcel.readExcelData(readExcel.java:21)
	at Utilities.readExcel.readExcelData(readExcel.java:21)
	at Utilities.readExcel.readExcelData(readExcel.java:21)
	at Utilities.readExcel.readExcelData(readExcel.java:21)
	at Utilities.readExcel.readExcelData(readExcel.java:21)
	at Utilities.readExcel.readExcelData(readExcel.java:21)
	at Utilities.readExcel.readExcelData(readExcel.java:21)
	at Utilities.readExcel.readExcelData(readExcel.java:21)
	at Utilities.readExcel.readExcelData(readExcel.java:21)
	at Utilities.readExcel.readExcelData(readExcel.java:21)
	at Utilities.readExcel.readExcelData(readExcel.java:21)
	at Utilities.readExcel.readExcelData(readExcel.java:21)
	at Utilities.readExcel.readExcelData(readExcel.java:21)
	at Utilities.readExcel.readExcelData(readExcel.java:21)
	at Utilities.readExcel.readExcelData(readExcel.java:21)
	at Utilities.readExcel.readExcelData(readExcel.java:21)
	at Utilities.readExcel.readExcelData(readExcel.java:21)
	at Utilities.readExcel.readExcelData(readExcel.java:21)
	at Utilities.readExcel.readExcelData(readExcel.java:21)
	at Utilities.readExcel.readExcelData(readExcel.java:21)
	at Utilities.readExcel.readExcelData(readExcel.java:21)
	at Utilities.readExcel.readExcelData(readExcel.java:21)
	at Utilities.readExcel.readExcelData(readExcel.java:21)
	at Utilities.readExcel.readExcelData(readExcel.java:21)
	at Utilities.readExcel.readExcelData(readExcel.java:21)
	at Utilities.readExcel.readExcelData(readExcel.java:21)
	at Utilities.readExcel.readExcelData(readExcel.java:21)
	at Utilities.readExcel.readExcelData(readExcel.java:21)
	at Utilities.readExcel.readExcelData(readExcel.java:21)
	at Utilities.readExcel.readExcelData(readExcel.java:21)
	at Utilities.readExcel.readExcelData(readExcel.java:21)
	at Utilities.readExcel.readExcelData(readExcel.java:21)
	at Utilities.readExcel.readExcelData(readExcel.java:21)
	at Utilities.readExcel.readExcelData(readExcel.java:21)
	at Utilities.readExcel.readExcelData(readExcel.java:21)
	at Utilities.readExcel.readExcelData(readExcel.java:21)
	at Utilities.readExcel.readExcelData(readExcel.java:21)
	at Utilities.readExcel.readExcelData(readExcel.java:21)
	at Utilities.readExcel.readExcelData(readExcel.java:21)
	at Utilities.readExcel.readExcelData(readExcel.java:21)
	at Utilities.readExcel.readExcelData(readExcel.java:21)
	at Utilities.readExcel.readExcelData(readExcel.java:21)
	at Utilities.readExcel.readExcelData(readExcel.java:21)
	at Utilities.readExcel.readExcelData(readExcel.java:21)
	at Utilities.readExcel.readExcelData(readExcel.java:21)
	at Utilities.readExcel.readExcelData(readExcel.java:21)
	at Utilities.readExcel.readExcelData(readExcel.java:21)
	at Utilities.readExcel.readExcelData(readExcel.java:21)
	at Utilities.readExcel.readExcelData(readExcel.java:21)
	at Utilities.readExcel.readExcelData(readExcel.java:21)
	at Utilities.readExcel.readExcelData(readExcel.java:21)
	at Utilities.readExcel.readExcelData(readExcel.java:21)
	at Utilities.readExcel.readExcelData(readExcel.java:21)
	at Utilities.readExcel.readExcelData(readExcel.java:21)
	at Utilities.readExcel.readExcelData(readExcel.java:21)
	at Utilities.readExcel.readExcelData(readExcel.java:21)
	at Utilities.readExcel.readExcelData(readExcel.java:21)
	at Utilities.readExcel.readExcelData(readExcel.java:21)
	at Utilities.readExcel.readExcelData(readExcel.java:21)
	at Utilities.readExcel.readExcelData(readExcel.java:21)
	at Utilities.readExcel.readExcelData(readExcel.java:21)
	at Utilities.readExcel.readExcelData(readExcel.java:21)
	at Utilities.readExcel.readExcelData(readExcel.java:21)
	at Utilities.readExcel.readExcelData(readExcel.java:21)
	at Utilities.readExcel.readExcelData(readExcel.java:21)
	at Utilities.readExcel.readExcelData(readExcel.java:21)
	at Utilities.readExcel.readExcelData(readExcel.java:21)
	at Utilities.readExcel.readExcelData(readExcel.java:21)
	at Utilities.readExcel.readExcelData(readExcel.java:21)
	at Utilities.readExcel.readExcelData(readExcel.java:21)
	at Utilities.readExcel.readExcelData(readExcel.java:21)
	at Utilities.readExcel.readExcelData(readExcel.java:21)
	at Utilities.readExcel.readExcelData(readExcel.java:21)
	at Utilities.readExcel.readExcelData(readExcel.java:21)
	at Utilities.readExcel.readExcelData(readExcel.java:21)
	at Utilities.readExcel.readExcelData(readExcel.java:21)
	at Utilities.readExcel.readExcelData(readExcel.java:21)
	at Utilities.readExcel.readExcelData(readExcel.java:21)
	at Utilities.readExcel.readExcelData(readExcel.java:21)
	at Utilities.readExcel.readExcelData(readExcel.java:21)
	at Utilities.readExcel.readExcelData(readExcel.java:21)
	at Utilities.readExcel.readExcelData(readExcel.java:21)
	at Utilities.readExcel.readExcelData(readExcel.java:21)
	at Utilities.readExcel.readExcelData(readExcel.java:21)
	at Utilities.readExcel.readExcelData(readExcel.java:21)
	at Utilities.readExcel.readExcelData(readExcel.java:21)
	at Utilities.readExcel.readExcelData(readExcel.java:21)
	at Utilities.readExcel.readExcelData(readExcel.java:21)
	at Utilities.readExcel.readExcelData(readExcel.java:21)
	at Utilities.readExcel.readExcelData(readExcel.java:21)
	at Utilities.readExcel.readExcelData(readExcel.java:21)
	at Utilities.readExcel.readExcelData(readExcel.java:21)
	at Utilities.readExcel.readExcelData(readExcel.java:21)
	at Utilities.readExcel.readExcelData(readExcel.java:21)
	at Utilities.readExcel.readExcelData(readExcel.java:21)
	at Utilities.readExcel.readExcelData(readExcel.java:21)
	at Utilities.readExcel.readExcelData(readExcel.java:21)
	at Utilities.readExcel.readExcelData(readExcel.java:21)
	at Utilities.readExcel.readExcelData(readExcel.java:21)
	at Utilities.readExcel.readExcelData(readExcel.java:21)
	at Utilities.readExcel.readExcelData(readExcel.java:21)
	at Utilities.readExcel.readExcelData(readExcel.java:21)
	at Utilities.readExcel.readExcelData(readExcel.java:21)
	at Utilities.readExcel.readExcelData(readExcel.java:21)
	at Utilities.readExcel.readExcelData(readExcel.java:21)
	at Utilities.readExcel.readExcelData(readExcel.java:21)
	at Utilities.readExcel.readExcelData(readExcel.java:21)
	at Utilities.readExcel.readExcelData(readExcel.java:21)
	at Utilities.readExcel.readExcelData(readExcel.java:21)
	at Utilities.readExcel.readExcelData(readExcel.java:21)
	at Utilities.readExcel.readExcelData(readExcel.java:21)
	at Utilities.readExcel.readExcelData(readExcel.java:21)
	at Utilities.readExcel.readExcelData(readExcel.java:21)
	at Utilities.readExcel.readExcelData(readExcel.java:21)
	at Utilities.readExcel.readExcelData(readExcel.java:21)
	at Utilities.readExcel.readExcelData(readExcel.java:21)
	at Utilities.readExcel.readExcelData(readExcel.java:21)
	at Utilities.readExcel.readExcelData(readExcel.java:21)
	at Utilities.readExcel.readExcelData(readExcel.java:21)
	at Utilities.readExcel.readExcelData(readExcel.java:21)
	at Utilities.readExcel.readExcelData(readExcel.java:21)
	at Utilities.readExcel.readExcelData(readExcel.java:21)
	at Utilities.readExcel.readExcelData(readExcel.java:21)
	at Utilities.readExcel.readExcelData(readExcel.java:21)
	at Utilities.readExcel.readExcelData(readExcel.java:21)
	at Utilities.readExcel.readExcelData(readExcel.java:21)
	at Utilities.readExcel.readExcelData(readExcel.java:21)
	at Utilities.readExcel.readExcelData(readExcel.java:21)
	at Utilities.readExcel.readExcelData(readExcel.java:21)
	at Utilities.readExcel.readExcelData(readExcel.java:21)
	at Utilities.readExcel.readExcelData(readExcel.java:21)
	at Utilities.readExcel.readExcelData(readExcel.java:21)
	at Utilities.readExcel.readExcelData(readExcel.java:21)
	at Utilities.readExcel.readExcelData(readExcel.java:21)
	at Utilities.readExcel.readExcelData(readExcel.java:21)
	at Utilities.readExcel.readExcelData(readExcel.java:21)
	at Utilities.readExcel.readExcelData(readExcel.java:21)
	at Utilities.readExcel.readExcelData(readExcel.java:21)
	at Utilities.readExcel.readExcelData(readExcel.java:21)
	at Utilities.readExcel.readExcelData(readExcel.java:21)
	at Utilities.readExcel.readExcelData(readExcel.java:21)
	at Utilities.readExcel.readExcelData(readExcel.java:21)
	at Utilities.readExcel.readExcelData(readExcel.java:21)
	at Utilities.readExcel.readExcelData(readExcel.java:21)
	at Utilities.readExcel.readExcelData(readExcel.java:21)
	at Utilities.readExcel.readExcelData(readExcel.java:21)
	at Utilities.readExcel.readExcelData(readExcel.java:21)
	at Utilities.readExcel.readExcelData(readExcel.java:21)
	at Utilities.readExcel.readExcelData(readExcel.java:21)
	at Utilities.readExcel.readExcelData(readExcel.java:21)
	at Utilities.readExcel.readExcelData(readExcel.java:21)
	at Utilities.readExcel.readExcelData(readExcel.java:21)
	at Utilities.readExcel.readExcelData(readExcel.java:21)
	at Utilities.readExcel.readExcelData(readExcel.java:21)
	at Utilities.readExcel.readExcelData(readExcel.java:21)
	at Utilities.readExcel.readExcelData(readExcel.java:21)
	at Utilities.readExcel.readExcelData(readExcel.java:21)
	at Utilities.readExcel.readExcelData(readExcel.java:21)
	at Utilities.readExcel.readExcelData(readExcel.java:21)
	at Utilities.readExcel.readExcelData(readExcel.java:21)
	at Utilities.readExcel.readExcelData(readExcel.java:21)
	at Utilities.readExcel.readExcelData(readExcel.java:21)
	at Utilities.readExcel.readExcelData(readExcel.java:21)
	at Utilities.readExcel.readExcelData(readExcel.java:21)
	at Utilities.readExcel.readExcelData(readExcel.java:21)
	at Utilities.readExcel.readExcelData(readExcel.java:21)
	at Utilities.readExcel.readExcelData(readExcel.java:21)
	at Utilities.readExcel.readExcelData(readExcel.java:21)
	at Utilities.readExcel.readExcelData(readExcel.java:21)
	at Utilities.readExcel.readExcelData(readExcel.java:21)
	at Utilities.readExcel.readExcelData(readExcel.java:21)
	at Utilities.readExcel.readExcelData(readExcel.java:21)
	at Utilities.readExcel.readExcelData(readExcel.java:21)
	at Utilities.readExcel.readExcelData(readExcel.java:21)
	at Utilities.readExcel.readExcelData(readExcel.java:21)
	at Utilities.readExcel.readExcelData(readExcel.java:21)
	at Utilities.readExcel.readExcelData(readExcel.java:21)
	at Utilities.readExcel.readExcelData(readExcel.java:21)
	at Utilities.readExcel.readExcelData(readExcel.java:21)
	at Utilities.readExcel.readExcelData(readExcel.java:21)
	at Utilities.readExcel.readExcelData(readExcel.java:21)
	at Utilities.readExcel.readExcelData(readExcel.java:21)
	at Utilities.readExcel.readExcelData(readExcel.java:21)
	at Utilities.readExcel.readExcelData(readExcel.java:21)
	at Utilities.readExcel.readExcelData(readExcel.java:21)
	at Utilities.readExcel.readExcelData(readExcel.java:21)
	at Utilities.readExcel.readExcelData(readExcel.java:21)
	at Utilities.readExcel.readExcelData(readExcel.java:21)
	at Utilities.readExcel.readExcelData(readExcel.java:21)
	at Utilities.readExcel.readExcelData(readExcel.java:21)
	at Utilities.readExcel.readExcelData(readExcel.java:21)
	at Utilities.readExcel.readExcelData(readExcel.java:21)
	at Utilities.readExcel.readExcelData(readExcel.java:21)
	at Utilities.readExcel.readExcelData(readExcel.java:21)
	at Utilities.readExcel.readExcelData(readExcel.java:21)
	at Utilities.readExcel.readExcelData(readExcel.java:21)
	at Utilities.readExcel.readExcelData(readExcel.java:21)
	at Utilities.readExcel.readExcelData(readExcel.java:21)
	at Utilities.readExcel.readExcelData(readExcel.java:21)
	at Utilities.readExcel.readExcelData(readExcel.java:21)
	at Utilities.readExcel.readExcelData(readExcel.java:21)
	at Utilities.readExcel.readExcelData(readExcel.java:21)
	at Utilities.readExcel.readExcelData(readExcel.java:21)
	at Utilities.readExcel.readExcelData(readExcel.java:21)
	at Utilities.readExcel.readExcelData(readExcel.java:21)
	at Utilities.readExcel.readExcelData(readExcel.java:21)
	at Utilities.readExcel.readExcelData(readExcel.java:21)
	at Utilities.readExcel.readExcelData(readExcel.java:21)
	at Utilities.readExcel.readExcelData(readExcel.java:21)
	at Utilities.readExcel.readExcelData(readExcel.java:21)
	at Utilities.readExcel.readExcelData(readExcel.java:21)
	at Utilities.readExcel.readExcelData(readExcel.java:21)
	at Utilities.readExcel.readExcelData(readExcel.java:21)
	at Utilities.readExcel.readExcelData(readExcel.java:21)
	at Utilities.readExcel.readExcelData(readExcel.java:21)
	at Utilities.readExcel.readExcelData(readExcel.java:21)
	at Utilities.readExcel.readExcelData(readExcel.java:21)
	at Utilities.readExcel.readExcelData(readExcel.java:21)
	at Utilities.readExcel.readExcelData(readExcel.java:21)
	at Utilities.readExcel.readExcelData(readExcel.java:21)
	at Utilities.readExcel.readExcelData(readExcel.java:21)
	at Utilities.readExcel.readExcelData(readExcel.java:21)
	at Utilities.readExcel.readExcelData(readExcel.java:21)
	at Utilities.readExcel.readExcelData(readExcel.java:21)
	at Utilities.readExcel.readExcelData(readExcel.java:21)
	at Utilities.readExcel.readExcelData(readExcel.java:21)
	at Utilities.readExcel.readExcelData(readExcel.java:21)
	at Utilities.readExcel.readExcelData(readExcel.java:21)
	at Utilities.readExcel.readExcelData(readExcel.java:21)
	at Utilities.readExcel.readExcelData(readExcel.java:21)
	at Utilities.readExcel.readExcelData(readExcel.java:21)
	at Utilities.readExcel.readExcelData(readExcel.java:21)
	at Utilities.readExcel.readExcelData(readExcel.java:21)
	at Utilities.readExcel.readExcelData(readExcel.java:21)
	at Utilities.readExcel.readExcelData(readExcel.java:21)
	at Utilities.readExcel.readExcelData(readExcel.java:21)
	at Utilities.readExcel.readExcelData(readExcel.java:21)
	at Utilities.readExcel.readExcelData(readExcel.java:21)
	at Utilities.readExcel.readExcelData(readExcel.java:21)
	at Utilities.readExcel.readExcelData(readExcel.java:21)
	at Utilities.readExcel.readExcelData(readExcel.java:21)
	at Utilities.readExcel.readExcelData(readExcel.java:21)
	at Utilities.readExcel.readExcelData(readExcel.java:21)
	at Utilities.readExcel.readExcelData(readExcel.java:21)
	at Utilities.readExcel.readExcelData(readExcel.java:21)
	at Utilities.readExcel.readExcelData(readExcel.java:21)
	at Utilities.readExcel.readExcelData(readExcel.java:21)
	at Utilities.readExcel.readExcelData(readExcel.java:21)
	at Utilities.readExcel.readExcelData(readExcel.java:21)
	at Utilities.readExcel.readExcelData(readExcel.java:21)
	at Utilities.readExcel.readExcelData(readExcel.java:21)
	at Utilities.readExcel.readExcelData(readExcel.java:21)
	at Utilities.readExcel.readExcelData(readExcel.java:21)
	at Utilities.readExcel.readExcelData(readExcel.java:21)
	at Utilities.readExcel.readExcelData(readExcel.java:21)
	at Utilities.readExcel.readExcelData(readExcel.java:21)
	at Utilities.readExcel.readExcelData(readExcel.java:21)
	at Utilities.readExcel.readExcelData(readExcel.java:21)
	at Utilities.readExcel.readExcelData(readExcel.java:21)
	at Utilities.readExcel.readExcelData(readExcel.java:21)
	at Utilities.readExcel.readExcelData(readExcel.java:21)
	at Utilities.readExcel.readExcelData(readExcel.java:21)
	at Utilities.readExcel.readExcelData(readExcel.java:21)
	at Utilities.readExcel.readExcelData(readExcel.java:21)
	at Utilities.readExcel.readExcelData(readExcel.java:21)
	at Utilities.readExcel.readExcelData(readExcel.java:21)
	at Utilities.readExcel.readExcelData(readExcel.java:21)
	at Utilities.readExcel.readExcelData(readExcel.java:21)
	at Utilities.readExcel.readExcelData(readExcel.java:21)
	at Utilities.readExcel.readExcelData(readExcel.java:21)
]]>
    </failure>
  </testcase> <!-- main -->
</testsuite> <!-- Utilities.readExcel -->
