<?xml version="1.0" encoding="UTF-8"?>
<!-- Generated by org.testng.reporters.JUnitReportReporter -->
<testsuite hostname="HDC3-D-7J5P882" failures="0" tests="1" name="NewtworKTrafficReaderPackage.BrokenLinks" time="1.516" errors="0" timestamp="11 Jul 2018 12:50:39 GMT">
  <testcase classname="NewtworKTrafficReaderPackage.BrokenLinks" name="isLinkBroken" time="1.516"/>
</testsuite> <!-- NewtworKTrafficReaderPackage.BrokenLinks -->
