<?xml version="1.0" encoding="UTF-8"?>
<!-- Generated by org.testng.reporters.JUnitReportReporter -->
<testsuite skipped="0" hostname="HDC3-D-514SLXX" name="TestExecute.Runningbatfile" tests="1" failures="0" timestamp="25 Jul 2018 11:04:23 GMT" time="3.072" errors="0">
  <testcase name="batfile" time="3.072" classname="TestExecute.Runningbatfile"/>
</testsuite> <!-- TestExecute.Runningbatfile -->
