<?xml version="1.0" encoding="UTF-8"?>
<!-- Generated by org.testng.reporters.JUnitReportReporter -->
<testsuite hostname="HDC3-D-7J5P882" failures="0" tests="1" name="JavascriptConverter.compareExcel2" time="1.010" errors="0" timestamp="4 Jul 2018 09:26:30 GMT">
  <testcase classname="JavascriptConverter.compareExcel2" name="compareExcels" time="1.010"/>
</testsuite> <!-- JavascriptConverter.compareExcel2 -->
