<?xml version="1.0" encoding="UTF-8"?>
<!-- Generated by org.testng.reporters.JUnitReportReporter -->
<testsuite skipped="0" hostname="HDC3-D-514SLXX" name="NewtworKTrafficReaderPackage.dUMMY" tests="1" failures="0" timestamp="20 Jul 2018 09:04:12 GMT" time="97.413" errors="1">
  <testcase name="testing" time="97.413" classname="NewtworKTrafficReaderPackage.dUMMY">
    <error type="java.io.FileNotFoundException" message="C:\Users\sathesh.gunasekaran\NetworkTrafficWorkSpace\NetworkTrafficReaderMain\Exceptions\Exceptions.txt (The system cannot find the path specified)">
      <![CDATA[java.io.FileNotFoundException: C:\Users\sathesh.gunasekaran\NetworkTrafficWorkSpace\NetworkTrafficReaderMain\Exceptions\Exceptions.txt (The system cannot find the path specified)
at java.io.FileOutputStream.open0(Native Method)
at java.io.FileOutputStream.open(FileOutputStream.java:270)
at java.io.FileOutputStream.<init>(FileOutputStream.java:213)
at java.io.FileOutputStream.<init>(FileOutputStream.java:133)
at java.io.FileWriter.<init>(FileWriter.java:78)
at NewtworKTrafficReaderPackage.exceptionWriter.appendToFile(exceptionWriter.java:15)
at NewtworKTrafficReaderPackage.dUMMY.setUp(dUMMY.java:333)
at NewtworKTrafficReaderPackage.dUMMY.testing(dUMMY.java:64)
at sun.reflect.NativeMethodAccessorImpl.invoke0(Native Method)
at sun.reflect.NativeMethodAccessorImpl.invoke(NativeMethodAccessorImpl.java:62)
at sun.reflect.DelegatingMethodAccessorImpl.invoke(DelegatingMethodAccessorImpl.java:43)
at java.lang.reflect.Method.invoke(Method.java:498)
at org.testng.internal.MethodInvocationHelper.invokeMethod(MethodInvocationHelper.java:124)
at org.testng.internal.Invoker.invokeMethod(Invoker.java:580)
at org.testng.internal.Invoker.invokeTestMethod(Invoker.java:716)
at org.testng.internal.Invoker.invokeTestMethods(Invoker.java:988)
at org.testng.internal.TestMethodWorker.invokeTestMethods(TestMethodWorker.java:125)
at org.testng.internal.TestMethodWorker.run(TestMethodWorker.java:109)
at org.testng.TestRunner.privateRun(TestRunner.java:648)
at org.testng.TestRunner.run(TestRunner.java:505)
at org.testng.SuiteRunner.runTest(SuiteRunner.java:455)
at org.testng.SuiteRunner.runSequentially(SuiteRunner.java:450)
at org.testng.SuiteRunner.privateRun(SuiteRunner.java:415)
at org.testng.SuiteRunner.run(SuiteRunner.java:364)
at org.testng.SuiteRunnerWorker.runSuite(SuiteRunnerWorker.java:52)
at org.testng.SuiteRunnerWorker.run(SuiteRunnerWorker.java:84)
at org.testng.TestNG.runSuitesSequentially(TestNG.java:1208)
at org.testng.TestNG.runSuitesLocally(TestNG.java:1137)
at org.testng.TestNG.runSuites(TestNG.java:1049)
at org.testng.TestNG.run(TestNG.java:1017)
at org.testng.remote.AbstractRemoteTestNG.run(AbstractRemoteTestNG.java:114)
at org.testng.remote.RemoteTestNG.initAndRun(RemoteTestNG.java:251)
at org.testng.remote.RemoteTestNG.main(RemoteTestNG.java:77)
]]>
    </error>
  </testcase> <!-- testing -->
</testsuite> <!-- NewtworKTrafficReaderPackage.dUMMY -->
