<?xml version="1.0" encoding="UTF-8"?>
<!-- Generated by org.testng.reporters.JUnitReportReporter -->
<testsuite skipped="0" hostname="HDC3-D-514SLXX" name="ReadandWrite.WriteExcel" tests="1" failures="0" timestamp="24 Jul 2018 12:23:47 GMT" time="0.290" errors="0">
  <testcase name="WritinginExcel" time="0.290" classname="ReadandWrite.WriteExcel"/>
</testsuite> <!-- ReadandWrite.WriteExcel -->
