<?xml version="1.0" encoding="UTF-8"?>
<!-- Generated by org.testng.reporters.JUnitReportReporter -->
<testsuite hostname="HDC3-D-7J5P882" failures="0" tests="1" name="JavascriptConverter.Backupfilecreator" time="25.637" errors="0" timestamp="13 Jul 2018 10:37:08 GMT">
  <testcase classname="JavascriptConverter.Backupfilecreator" name="CreateFileRenameExisting" time="25.637"/>
</testsuite> <!-- JavascriptConverter.Backupfilecreator -->
