<?xml version="1.0" encoding="UTF-8"?>
<!-- Generated by org.testng.reporters.JUnitReportReporter -->
<testsuite hostname="HDC3-D-7J5P882" failures="0" tests="1" name="Samsung.GetResponse" time="4.098" errors="0" timestamp="05 Dec 2018 10:31:42 GMT" skipped="0">
  <testcase classname="Samsung.GetResponse" name="getData" time="4.098"/>
</testsuite> <!-- Samsung.GetResponse -->
