<?xml version="1.0" encoding="UTF-8"?>
<!-- Generated by org.testng.reporters.JUnitReportReporter -->
<testsuite hostname="HDC3-D-7J5P882" failures="0" tests="1" name="Samsung.Base64Encoder" time="0.054" errors="0" timestamp="04 Dec 2018 07:05:07 GMT" skipped="0">
  <testcase classname="Samsung.Base64Encoder" name="encode" time="0.054"/>
</testsuite> <!-- Samsung.Base64Encoder -->
