<?xml version="1.0" encoding="UTF-8"?>
<!-- Generated by org.testng.reporters.JUnitReportReporter -->
<testsuite hostname="HDC3-D-7J5P882" failures="0" tests="1" name="Utility.SendEmailTLS" time="739.558" errors="0" timestamp="11 Dec 2018 09:25:01 GMT" skipped="0">
  <testcase classname="Utility.SendEmailTLS" name="sendEmail" time="739.558"/>
</testsuite> <!-- Utility.SendEmailTLS -->
