<?xml version="1.0" encoding="UTF-8"?>
<!-- Generated by org.testng.reporters.JUnitReportReporter -->
<testsuite hostname="HDC3-D-7J5P882" failures="0" tests="1" name="Utility.HTMLWriter" time="22.819" errors="0" timestamp="12 Dec 2018 04:54:17 GMT" skipped="0">
  <testcase classname="Utility.HTMLWriter" name="writeHTML" time="22.819"/>
</testsuite> <!-- Utility.HTMLWriter -->
