<?xml version="1.0" encoding="UTF-8"?>
<!-- Generated by org.testng.reporters.JUnitReportReporter -->
<testsuite hostname="HDC3-D-7J5P882" failures="0" tests="1" name="Utility.ReadTextFile" time="0.020" errors="0" timestamp="05 Dec 2018 12:07:45 GMT" skipped="0">
  <testcase classname="Utility.ReadTextFile" name="readText" time="0.020"/>
</testsuite> <!-- Utility.ReadTextFile -->
