<?xml version="1.0" encoding="UTF-8"?>
<!-- Generated by org.testng.reporters.JUnitReportReporter -->
<testsuite hostname="HDC3-D-7J5P882" failures="0" tests="1" name="Utility.SendEmail" time="93.303" errors="0" timestamp="10 Dec 2018 13:52:15 GMT" skipped="0">
  <testcase classname="Utility.SendEmail" name="sendEmail" time="93.303"/>
</testsuite> <!-- Utility.SendEmail -->
