<?xml version="1.0" encoding="UTF-8"?>
<!-- Generated by org.testng.reporters.JUnitReportReporter -->
<testsuite hostname="HDC3-D-7J5P882" failures="0" tests="1" name="Utility.UpdateJson" time="0.034" errors="0" timestamp="05 Dec 2018 13:34:21 GMT" skipped="0">
  <testcase classname="Utility.UpdateJson" name="setTaskName" time="0.034"/>
</testsuite> <!-- Utility.UpdateJson -->
