<?xml version="1.0" encoding="UTF-8"?>
<!-- Generated by org.testng.reporters.JUnitReportReporter -->
<testsuite hostname="HDC3-D-7J5P882" failures="0" tests="1" name="Samsung.workFlow" time="128.594" errors="0" timestamp="11 Dec 2018 06:25:13 GMT" skipped="0">
  <testcase classname="Samsung.workFlow" name="main" time="128.594"/>
</testsuite> <!-- Samsung.workFlow -->
